[31Aug2025 00:03:25.487] [Server thread/INFO] [com.favouriteless.enchanted.Enchanted/]: Saved active rites successfully
[31Aug2025 00:08:25.487] [Server thread/INFO] [com.favouriteless.enchanted.Enchanted/]: Saved active rites successfully
[31Aug2025 00:13:25.487] [Server thread/INFO] [com.favouriteless.enchanted.Enchanted/]: Saved active rites successfully
[31Aug2025 00:18:25.487] [Server thread/INFO] [com.favouriteless.enchanted.Enchanted/]: Saved active rites successfully
[31Aug2025 00:23:25.487] [Server thread/INFO] [com.favouriteless.enchanted.Enchanted/]: Saved active rites successfully
[31Aug2025 00:28:25.487] [Server thread/INFO] [com.favouriteless.enchanted.Enchanted/]: Saved active rites successfully
[31Aug2025 00:33:25.487] [Server thread/INFO] [com.favouriteless.enchanted.Enchanted/]: Saved active rites successfully
[31Aug2025 00:38:25.487] [Server thread/INFO] [com.favouriteless.enchanted.Enchanted/]: Saved active rites successfully
[31Aug2025 00:43:25.487] [Server thread/INFO] [com.favouriteless.enchanted.Enchanted/]: Saved active rites successfully
[31Aug2025 00:48:25.487] [Server thread/INFO] [com.favouriteless.enchanted.Enchanted/]: Saved active rites successfully
[31Aug2025 00:53:25.487] [Server thread/INFO] [com.favouriteless.enchanted.Enchanted/]: Saved active rites successfully
[31Aug2025 00:58:25.487] [Server thread/INFO] [com.favouriteless.enchanted.Enchanted/]: Saved active rites successfully
[31Aug2025 01:03:25.486] [Server thread/INFO] [com.favouriteless.enchanted.Enchanted/]: Saved active rites successfully
[31Aug2025 01:08:25.487] [Server thread/INFO] [com.favouriteless.enchanted.Enchanted/]: Saved active rites successfully
[31Aug2025 01:13:25.487] [Server thread/INFO] [com.favouriteless.enchanted.Enchanted/]: Saved active rites successfully
[31Aug2025 01:18:25.487] [Server thread/INFO] [com.favouriteless.enchanted.Enchanted/]: Saved active rites successfully
[31Aug2025 01:23:25.487] [Server thread/INFO] [com.favouriteless.enchanted.Enchanted/]: Saved active rites successfully
[31Aug2025 01:28:25.487] [Server thread/INFO] [com.favouriteless.enchanted.Enchanted/]: Saved active rites successfully
[31Aug2025 01:33:25.487] [Server thread/INFO] [com.favouriteless.enchanted.Enchanted/]: Saved active rites successfully
[31Aug2025 01:38:25.487] [Server thread/INFO] [com.favouriteless.enchanted.Enchanted/]: Saved active rites successfully
[31Aug2025 01:43:25.487] [Server thread/INFO] [com.favouriteless.enchanted.Enchanted/]: Saved active rites successfully
[31Aug2025 01:48:25.487] [Server thread/INFO] [com.favouriteless.enchanted.Enchanted/]: Saved active rites successfully
[31Aug2025 01:53:25.487] [Server thread/INFO] [com.favouriteless.enchanted.Enchanted/]: Saved active rites successfully
[31Aug2025 01:58:25.487] [Server thread/INFO] [com.favouriteless.enchanted.Enchanted/]: Saved active rites successfully
[31Aug2025 02:03:25.487] [Server thread/INFO] [com.favouriteless.enchanted.Enchanted/]: Saved active rites successfully
[31Aug2025 02:08:25.486] [Server thread/INFO] [com.favouriteless.enchanted.Enchanted/]: Saved active rites successfully
[31Aug2025 02:13:25.486] [Server thread/INFO] [com.favouriteless.enchanted.Enchanted/]: Saved active rites successfully
[31Aug2025 02:18:25.487] [Server thread/INFO] [com.favouriteless.enchanted.Enchanted/]: Saved active rites successfully
[31Aug2025 02:23:25.487] [Server thread/INFO] [com.favouriteless.enchanted.Enchanted/]: Saved active rites successfully
[31Aug2025 02:28:25.487] [Server thread/INFO] [com.favouriteless.enchanted.Enchanted/]: Saved active rites successfully
[31Aug2025 02:33:25.487] [Server thread/INFO] [com.favouriteless.enchanted.Enchanted/]: Saved active rites successfully
[31Aug2025 02:38:25.487] [Server thread/INFO] [com.favouriteless.enchanted.Enchanted/]: Saved active rites successfully
[31Aug2025 02:43:25.487] [Server thread/INFO] [com.favouriteless.enchanted.Enchanted/]: Saved active rites successfully
[31Aug2025 02:48:25.486] [Server thread/INFO] [com.favouriteless.enchanted.Enchanted/]: Saved active rites successfully
[31Aug2025 02:53:25.486] [Server thread/INFO] [com.favouriteless.enchanted.Enchanted/]: Saved active rites successfully
[31Aug2025 02:58:25.486] [Server thread/INFO] [com.favouriteless.enchanted.Enchanted/]: Saved active rites successfully
[31Aug2025 03:03:25.487] [Server thread/INFO] [com.favouriteless.enchanted.Enchanted/]: Saved active rites successfully
[31Aug2025 03:08:25.487] [Server thread/INFO] [com.favouriteless.enchanted.Enchanted/]: Saved active rites successfully
[31Aug2025 03:13:25.487] [Server thread/INFO] [com.favouriteless.enchanted.Enchanted/]: Saved active rites successfully
[31Aug2025 03:18:25.486] [Server thread/INFO] [com.favouriteless.enchanted.Enchanted/]: Saved active rites successfully
[31Aug2025 03:23:25.487] [Server thread/INFO] [com.favouriteless.enchanted.Enchanted/]: Saved active rites successfully
[31Aug2025 03:28:25.486] [Server thread/INFO] [com.favouriteless.enchanted.Enchanted/]: Saved active rites successfully
[31Aug2025 03:33:25.487] [Server thread/INFO] [com.favouriteless.enchanted.Enchanted/]: Saved active rites successfully
[31Aug2025 03:38:25.486] [Server thread/INFO] [com.favouriteless.enchanted.Enchanted/]: Saved active rites successfully
[31Aug2025 03:43:25.487] [Server thread/INFO] [com.favouriteless.enchanted.Enchanted/]: Saved active rites successfully
[31Aug2025 03:48:25.487] [Server thread/INFO] [com.favouriteless.enchanted.Enchanted/]: Saved active rites successfully
[31Aug2025 03:53:25.486] [Server thread/INFO] [com.favouriteless.enchanted.Enchanted/]: Saved active rites successfully
[31Aug2025 03:58:25.486] [Server thread/INFO] [com.favouriteless.enchanted.Enchanted/]: Saved active rites successfully
[31Aug2025 04:03:25.487] [Server thread/INFO] [com.favouriteless.enchanted.Enchanted/]: Saved active rites successfully
[31Aug2025 04:08:25.487] [Server thread/INFO] [com.favouriteless.enchanted.Enchanted/]: Saved active rites successfully
[31Aug2025 04:13:25.486] [Server thread/INFO] [com.favouriteless.enchanted.Enchanted/]: Saved active rites successfully
[31Aug2025 04:18:25.487] [Server thread/INFO] [com.favouriteless.enchanted.Enchanted/]: Saved active rites successfully
[31Aug2025 04:23:25.486] [Server thread/INFO] [com.favouriteless.enchanted.Enchanted/]: Saved active rites successfully
[31Aug2025 04:28:25.486] [Server thread/INFO] [com.favouriteless.enchanted.Enchanted/]: Saved active rites successfully
[31Aug2025 04:33:25.486] [Server thread/INFO] [com.favouriteless.enchanted.Enchanted/]: Saved active rites successfully
[31Aug2025 04:38:25.486] [Server thread/INFO] [com.favouriteless.enchanted.Enchanted/]: Saved active rites successfully
[31Aug2025 04:43:25.487] [Server thread/INFO] [com.favouriteless.enchanted.Enchanted/]: Saved active rites successfully
[31Aug2025 04:48:25.487] [Server thread/INFO] [com.favouriteless.enchanted.Enchanted/]: Saved active rites successfully
[31Aug2025 04:53:25.486] [Server thread/INFO] [com.favouriteless.enchanted.Enchanted/]: Saved active rites successfully
[31Aug2025 04:58:25.486] [Server thread/INFO] [com.favouriteless.enchanted.Enchanted/]: Saved active rites successfully
[31Aug2025 05:03:25.486] [Server thread/INFO] [com.favouriteless.enchanted.Enchanted/]: Saved active rites successfully
[31Aug2025 05:08:25.487] [Server thread/INFO] [com.favouriteless.enchanted.Enchanted/]: Saved active rites successfully
[31Aug2025 05:13:25.487] [Server thread/INFO] [com.favouriteless.enchanted.Enchanted/]: Saved active rites successfully
[31Aug2025 05:18:25.486] [Server thread/INFO] [com.favouriteless.enchanted.Enchanted/]: Saved active rites successfully
[31Aug2025 05:23:25.486] [Server thread/INFO] [com.favouriteless.enchanted.Enchanted/]: Saved active rites successfully
[31Aug2025 05:28:25.486] [Server thread/INFO] [com.favouriteless.enchanted.Enchanted/]: Saved active rites successfully
[31Aug2025 05:33:25.487] [Server thread/INFO] [com.favouriteless.enchanted.Enchanted/]: Saved active rites successfully
[31Aug2025 05:38:25.487] [Server thread/INFO] [com.favouriteless.enchanted.Enchanted/]: Saved active rites successfully
[31Aug2025 05:43:25.486] [Server thread/INFO] [com.favouriteless.enchanted.Enchanted/]: Saved active rites successfully
[31Aug2025 05:48:25.486] [Server thread/INFO] [com.favouriteless.enchanted.Enchanted/]: Saved active rites successfully
[31Aug2025 05:53:25.486] [Server thread/INFO] [com.favouriteless.enchanted.Enchanted/]: Saved active rites successfully
[31Aug2025 05:58:25.486] [Server thread/INFO] [com.favouriteless.enchanted.Enchanted/]: Saved active rites successfully
[31Aug2025 06:03:25.486] [Server thread/INFO] [com.favouriteless.enchanted.Enchanted/]: Saved active rites successfully
[31Aug2025 06:08:25.486] [Server thread/INFO] [com.favouriteless.enchanted.Enchanted/]: Saved active rites successfully
[31Aug2025 06:09:32.594] [Server thread/INFO] [net.minecraft.network.login.ServerLoginNetHandler/]: com.mojang.authlib.GameProfile@e8765fb[id=<null>,name=Axelito7u7,properties={},legacy=false] (/127.48.36.85:46249) lost connection: Disconnected
[31Aug2025 06:10:51.109] [Server thread/INFO] [net.minecraftforge.common.AdvancementLoadFix/]: Using new advancement loading for net.minecraft.advancements.PlayerAdvancements@cf3cb0f
[31Aug2025 06:10:51.127] [Server thread/INFO] [net.minecraft.server.management.PlayerList/]: Axelito7u7[/127.48.36.85:49595] logged in with entity id 2096 at (13953.526296646496, 40.0, -1366.300000011921)
[31Aug2025 06:10:51.138] [Server thread/INFO] [net.minecraft.server.dedicated.DedicatedServer/]: Axelito7u7 joined the game
[31Aug2025 06:10:51.182] [Server thread/INFO] [net.minecraftforge.common.AdvancementLoadFix/]: Using new advancement loading for net.minecraft.advancements.PlayerAdvancements@d3f403b
[31Aug2025 06:10:51.196] [Server thread/INFO] [Waila/]: Syncing config to Axelito7u7 (41a70891-4194-3013-bc33-034cbfc37c20)
[31Aug2025 06:10:52.399] [Server thread/INFO] [voicechat/]: [voicechat] Received secret request of Axelito7u7 (18)
[31Aug2025 06:10:52.400] [Server thread/INFO] [voicechat/]: [voicechat] Sent secret to Axelito7u7
[31Aug2025 06:10:52.613] [Server thread/INFO] [com.alrex.parcool.ParCool/]: Limitation of 41a70891-4194-3013-bc33-034cbfc37c20 was loaded
[31Aug2025 06:10:52.613] [Server thread/INFO] [com.alrex.parcool.ParCool/]: Sent Server Limitation of [Axelito7u7]
[31Aug2025 06:10:52.614] [Server thread/INFO] [com.alrex.parcool.ParCool/]: Received Client Information of [Axelito7u7]
[31Aug2025 06:13:25.516] [Server thread/INFO] [com.favouriteless.enchanted.Enchanted/]: Saved active rites successfully
[31Aug2025 06:18:25.511] [Server thread/INFO] [com.favouriteless.enchanted.Enchanted/]: Saved active rites successfully
[31Aug2025 06:19:11.794] [Server thread/INFO] [net.minecraft.network.play.ServerPlayNetHandler/]: Axelito7u7 lost connection: Disconnected
[31Aug2025 06:19:11.794] [Server thread/INFO] [net.minecraft.server.dedicated.DedicatedServer/]: Axelito7u7 left the game
[31Aug2025 06:19:11.794] [Server thread/INFO] [com.alrex.parcool.ParCool/]: Limitation of 41a70891-4194-3013-bc33-034cbfc37c20 was unloaded
[31Aug2025 06:19:11.794] [Server thread/INFO] [voicechat/]: [voicechat] Disconnecting client Axelito7u7
[31Aug2025 06:19:24.848] [Server thread/INFO] [net.minecraft.server.dedicated.DedicatedServer/]: Stopping the server
[31Aug2025 06:19:24.892] [Server thread/INFO] [net.minecraft.server.MinecraftServer/]: Stopping server
[31Aug2025 06:19:24.896] [Server thread/INFO] [net.minecraft.server.MinecraftServer/]: Saving players
[31Aug2025 06:19:24.897] [Server thread/INFO] [net.minecraft.server.MinecraftServer/]: Saving worlds
[31Aug2025 06:19:24.901] [Server thread/INFO] [net.minecraft.server.MinecraftServer/]: Saving chunks for level 'ServerLevel[Inifinito]'/minecraft:overworld
[31Aug2025 06:19:24.902] [Server thread/INFO] [com.favouriteless.enchanted.Enchanted/]: Saved active rites successfully
[31Aug2025 06:19:25.032] [Server thread/INFO] [net.minecraft.world.server.ChunkManager/]: ThreadedAnvilChunkStorage (world): All chunks are saved
[31Aug2025 06:19:25.034] [Server thread/INFO] [net.minecraft.server.MinecraftServer/]: Saving chunks for level 'ServerLevel[Inifinito]'/minecraft:the_nether
[31Aug2025 06:19:25.035] [Server thread/INFO] [net.minecraft.world.server.ChunkManager/]: ThreadedAnvilChunkStorage (DIM-1): All chunks are saved
[31Aug2025 06:19:25.035] [Server thread/INFO] [net.minecraft.server.MinecraftServer/]: Saving chunks for level 'ServerLevel[Inifinito]'/minecraft:the_end
[31Aug2025 06:19:25.036] [Server thread/INFO] [net.minecraft.world.server.ChunkManager/]: ThreadedAnvilChunkStorage (DIM1): All chunks are saved
[31Aug2025 06:19:25.075] [Server thread/INFO] [net.minecraft.world.server.ChunkManager/]: ThreadedAnvilChunkStorage (world): All chunks are saved
[31Aug2025 06:19:25.090] [Server thread/INFO] [net.minecraft.world.server.ChunkManager/]: ThreadedAnvilChunkStorage (DIM-1): All chunks are saved
[31Aug2025 06:19:25.090] [Server thread/INFO] [net.minecraft.world.server.ChunkManager/]: ThreadedAnvilChunkStorage (DIM1): All chunks are saved
